number,value,datetime_start,datetime_complete,duration,params_colsample,params_lr,params_max_depth,params_min_child_weight,params_n_estimators,params_reg_lambda,params_subsample,state
0,0.844385853164923,2026-07-06 07:26:39.324153,2026-07-06 07:26:46.077328,0 days 00:00:06.753175,0.7875364678399936,0.040064836619643954,7,4.063110478838848,500,2.2650340400809217,0.7694619197355619,COMPLETE
1,0.8488417661867274,2026-07-06 07:26:46.077413,2026-07-06 07:26:53.584656,0 days 00:00:07.507243,0.7408267366563595,0.02417917724332947,8,7.479176468048627,800,4.490574888756025,0.8115579679011617,COMPLETE
2,0.8148993211783908,2026-07-06 07:26:53.584710,2026-07-06 07:26:56.725450,0 days 00:00:03.140740,0.9220072889480915,0.010476552591086518,3,7.850328395629348,200,5.029724509452985,0.9112627003799402,COMPLETE
3,0.8521406235165927,2026-07-06 07:26:56.725494,2026-07-06 07:27:02.589843,0 days 00:00:05.864349,0.4860119724454279,0.06032942364042929,5,7.612682419347087,700,0.6940433605375383,0.8559684085310095,COMPLETE
4,0.8555825254274867,2026-07-06 07:27:02.589892,2026-07-06 07:27:13.499786,0 days 00:00:10.909894,0.7410603693211891,0.018388894115254163,5,1.131528603054486,500,4.277994885582388,0.7824601328866194,COMPLETE
5,0.847027824314646,2026-07-06 07:27:13.499843,2026-07-06 07:27:20.922992,0 days 00:00:07.423149,0.6157047403442716,0.04139367608357545,6,4.059223676595391,600,6.844723740175419,0.8727281196413934,COMPLETE
6,0.8440935062640488,2026-07-06 07:27:20.923036,2026-07-06 07:27:26.658034,0 days 00:00:05.734998,0.477355778592912,0.04642658243447123,3,3.207998456469287,600,3.209951453316912,0.6841530244295364,COMPLETE
7,0.8490163920202679,2026-07-06 07:27:26.658079,2026-07-06 07:27:33.281845,0 days 00:00:06.623766,0.5253260536569009,0.027453739814940308,6,2.1291666251949737,400,7.7462354440797085,0.6408179242992113,COMPLETE
8,0.8551217193659054,2026-07-06 07:27:33.281894,2026-07-06 07:27:39.444584,0 days 00:00:06.162690,0.4662250846985831,0.029262455944124445,4,5.594307126256914,600,0.9846632831701378,0.6635878334582078,COMPLETE
9,0.844718379524581,2026-07-06 07:27:39.444627,2026-07-06 07:27:43.021524,0 days 00:00:03.576897,0.9027669444992823,0.023373576487028164,4,1.6726888552577415,200,4.870172656526868,0.6388405103172244,COMPLETE
10,0.8437030074433176,2026-07-06 07:27:43.021569,2026-07-06 07:27:49.455017,0 days 00:00:06.433448,0.6554372170682234,0.012797663840796239,5,1.332417646777387,400,1.74238089874839,0.9797120575762088,COMPLETE
11,0.8395035591741017,2026-07-06 07:27:49.455059,2026-07-06 07:27:53.487857,0 days 00:00:04.032798,0.7737147343377625,0.09860960465630064,4,5.656760872427107,500,0.9475712793541129,0.7313523130836126,COMPLETE
12,0.848064969770396,2026-07-06 07:27:53.487898,2026-07-06 07:27:57.589885,0 days 00:00:04.101987,0.5883544202306759,0.017105680084789306,4,5.789810703381991,400,1.3029911114591861,0.7240835756594006,COMPLETE
13,0.8556279752403781,2026-07-06 07:27:57.589930,2026-07-06 07:28:04.689459,0 days 00:00:07.099529,0.4090226478966835,0.016948649781202054,5,5.711562838037731,600,0.5300626864468262,0.6039694872191825,COMPLETE
14,0.8486618527897598,2026-07-06 07:28:04.689505,2026-07-06 07:28:15.699756,0 days 00:00:11.010251,0.8411954698994882,0.01600990761577098,6,2.9974450993910735,800,0.5649833573817993,0.6085221661940219,COMPLETE
15,0.846030043026167,2026-07-06 07:28:15.699846,2026-07-06 07:28:20.746290,0 days 00:00:05.046444,0.9988252258287955,0.01714307181522522,5,6.401582879533389,300,2.7221353112325497,0.9540874311287062,COMPLETE
16,0.8495891052673998,2026-07-06 07:28:20.746332,2026-07-06 07:28:28.204244,0 days 00:00:07.457912,0.4101872335416351,0.020230676671766014,7,4.980765686078921,700,1.434347846188335,0.7973555862303408,COMPLETE
17,0.8481010584305156,2026-07-06 07:28:28.204284,2026-07-06 07:28:37.043385,0 days 00:00:08.839101,0.6992163890562387,0.012003085301764173,7,6.684396011109719,700,3.1224255032128174,0.7234649930833843,COMPLETE
18,0.8491196077823984,2026-07-06 07:28:37.043429,2026-07-06 07:28:44.887862,0 days 00:00:07.844433,0.5474614980115908,0.013485667068228823,5,2.6791388541136425,500,0.5316009455241284,0.6042795340367697,COMPLETE
19,0.8450719743936798,2026-07-06 07:28:44.887904,2026-07-06 07:28:51.846925,0 days 00:00:06.959021,0.6785709102382582,0.02094493206920468,6,4.685173638888476,500,3.7582072941485287,0.8712330434473845,COMPLETE
20,0.8524203516839176,2026-07-06 07:28:51.846983,2026-07-06 07:28:58.543728,0 days 00:00:06.696745,0.4053388686928255,0.01625685605585926,8,1.013846013108914,300,2.1503919747109426,0.7617917384974677,COMPLETE
21,0.8560449771302485,2026-07-06 07:28:58.543773,2026-07-06 07:29:04.440569,0 days 00:00:05.896796,0.4658702773736168,0.031750342449716855,4,5.463751460443618,600,0.8630049201614941,0.6783254009251132,COMPLETE
22,0.8508412933606732,2026-07-06 07:29:04.440617,2026-07-06 07:29:10.236066,0 days 00:00:05.795449,0.598267597422989,0.03634557560241829,4,6.614063099545809,600,0.7976779092877854,0.6742646087820946,COMPLETE
23,0.8469073533414619,2026-07-06 07:29:10.236113,2026-07-06 07:29:16.148088,0 days 00:00:05.911975,0.4402421926563715,0.06001232021225676,3,3.86401796285634,700,0.6917820261991209,0.6980075756176303,COMPLETE
24,0.8498673304874856,2026-07-06 07:29:16.148132,2026-07-06 07:29:22.164603,0 days 00:00:06.016471,0.5283448395867733,0.03331692801492416,5,5.03406957455949,600,1.1056359437762884,0.6450010318648459,COMPLETE
25,0.8428528032404001,2026-07-06 07:29:22.164648,2026-07-06 07:29:28.224340,0 days 00:00:06.059692,0.8254757592524546,0.02751483250187364,4,6.17907193454921,500,0.691529034896711,0.8092254007709909,COMPLETE
26,0.8483068991014727,2026-07-06 07:29:28.224442,2026-07-06 07:29:35.104513,0 days 00:00:06.880071,0.7344565179821724,0.019551127845321002,5,5.261174408808881,600,1.4036642966262,0.6179615823636754,COMPLETE
27,0.8488268141562715,2026-07-06 07:29:35.104559,2026-07-06 07:29:39.728969,0 days 00:00:04.624410,0.6407868504779058,0.010014273545318057,3,3.5487781510649468,400,0.5435149996961481,0.7002426712630103,COMPLETE
28,0.8517681622138987,2026-07-06 07:29:39.729015,2026-07-06 07:29:46.955126,0 days 00:00:07.226111,0.5643474690937172,0.014153311564257533,4,7.120294465664491,700,0.8500326704934522,0.7604808259913779,COMPLETE
29,0.8399603568983414,2026-07-06 07:29:46.955172,2026-07-06 07:29:52.393777,0 days 00:00:05.438605,0.4962305636793425,0.048562188692524225,6,4.485117127527291,500,1.800197250472386,0.784296010803154,COMPLETE
30,0.8518475595607379,2026-07-06 07:29:52.393823,2026-07-06 07:29:58.539533,0 days 00:00:06.145710,0.44390293321832525,0.024339561706733848,7,4.4720375628503675,500,5.960239104589666,0.8363361780729096,COMPLETE
31,0.8527456400906013,2026-07-06 07:29:58.539581,2026-07-06 07:30:04.266584,0 days 00:00:05.727003,0.4479908450287145,0.028437761353014384,4,5.839571757155418,600,1.039312535839222,0.6630001276503684,COMPLETE
32,0.8464991719449084,2026-07-06 07:30:04.266635,2026-07-06 07:30:10.673495,0 days 00:00:06.406860,0.49337283509577184,0.033978449906459096,5,5.4493225433337935,600,0.621756930003637,0.6501567272405506,COMPLETE
33,0.8546328126366886,2026-07-06 07:30:10.673539,2026-07-06 07:30:17.721013,0 days 00:00:07.047474,0.40347421372307446,0.022774448873983895,4,7.064065148522987,800,1.2072894425655112,0.6191288186663455,COMPLETE
34,0.8574550485403198,2026-07-06 07:30:17.721056,2026-07-06 07:30:23.181182,0 days 00:00:05.460126,0.4632035251885054,0.02993849604174452,3,6.037106025651526,600,0.8367618855941438,0.7036356399765052,COMPLETE
35,0.8519766065114902,2026-07-06 07:30:23.181227,2026-07-06 07:30:29.655468,0 days 00:00:06.474241,0.7364634333253963,0.0412119494988933,3,6.168411306864804,700,0.8111718816221636,0.7509605373656775,COMPLETE
36,0.849011949864663,2026-07-06 07:30:29.655512,2026-07-06 07:30:35.151817,0 days 00:00:05.496305,0.778951536058632,0.05837042781030881,3,7.056812257351042,600,1.600593766653118,0.6946956944614809,COMPLETE
37,0.8508457025317491,2026-07-06 07:30:35.151863,2026-07-06 07:30:41.591550,0 days 00:00:06.439687,0.5028875105740344,0.018413837509929372,3,6.021481629219053,700,2.3364635890812533,0.7382915059379043,COMPLETE
38,0.8573576308847626,2026-07-06 07:30:41.591604,2026-07-06 07:30:48.046731,0 days 00:00:06.455127,0.5635711379035637,0.02561944351846822,5,7.628826985974074,600,0.6235322219658886,0.8425137703302649,COMPLETE
39,0.8479025661390003,2026-07-06 07:30:48.046788,2026-07-06 07:30:55.031327,0 days 00:00:06.984539,0.5592343828986159,0.047935770253439834,5,7.883664282340567,800,0.6310953211473076,0.9233367961350792,COMPLETE
40,0.852329388240241,2026-07-06 07:30:55.031377,2026-07-06 07:31:00.462347,0 days 00:00:05.430970,0.4609381548063181,0.025222974863346147,3,7.451980071081028,600,0.8786567343359155,0.8265980467365148,COMPLETE
41,0.8484859341060892,2026-07-06 07:31:00.462391,2026-07-06 07:31:07.826591,0 days 00:00:07.364200,0.5165496574981798,0.03076169657790244,5,2.350921940188407,600,0.7505727010744262,0.894910237300441,COMPLETE
42,0.8492593288135923,2026-07-06 07:31:07.826635,2026-07-06 07:31:13.154895,0 days 00:00:05.328260,0.43634161141044187,0.03713973216916286,5,5.193498734767109,500,0.6143238655524508,0.8462457798247245,COMPLETE
43,0.8523524566160224,2026-07-06 07:31:13.154940,2026-07-06 07:31:19.191347,0 days 00:00:06.036407,0.625663719658939,0.014687668393946264,6,6.690385721580691,500,0.5171254056689242,0.7824362464208656,COMPLETE
44,0.857400941722647,2026-07-06 07:31:19.191390,2026-07-06 07:31:25.349114,0 days 00:00:06.157724,0.47449320714819015,0.021884882085001812,4,7.50950885299934,600,5.583433547161833,0.8246367258932887,COMPLETE
45,0.8547067933502042,2026-07-06 07:31:25.349160,2026-07-06 07:31:32.104891,0 days 00:00:06.755731,0.48118484387916455,0.022127705969378346,4,7.60306176782788,700,0.7207788403700335,0.859382376034101,COMPLETE
46,0.8542602050547787,2026-07-06 07:31:32.104934,2026-07-06 07:31:37.801404,0 days 00:00:05.696470,0.4259250798612624,0.024960618061406717,4,7.325043109308258,600,0.9479701524146477,0.8193079562838642,COMPLETE
47,0.8521235475692841,2026-07-06 07:31:37.801454,2026-07-06 07:31:44.162145,0 days 00:00:06.360691,0.4711851921189348,0.026861006307097205,4,6.369109728484326,600,5.694244223924338,0.885446598841398,COMPLETE
48,0.8501479370471617,2026-07-06 07:31:44.162188,2026-07-06 07:31:50.721143,0 days 00:00:06.558955,0.5210167698256094,0.011249618877702471,3,7.724064944168255,700,7.606495058860613,0.7933636488718752,COMPLETE
49,0.8554921377789595,2026-07-06 07:31:50.721197,2026-07-06 07:31:56.880392,0 days 00:00:06.159195,0.5409312597899821,0.029906393650713046,4,6.852969250739681,600,0.5081664871395893,0.9206393715423934,COMPLETE
50,0.8572562206670733,2026-07-06 07:31:56.880437,2026-07-06 07:32:04.188571,0 days 00:00:07.308134,0.5834701352455235,0.018694267372543292,5,5.453014759200402,700,1.1881725632459132,0.6263284275209341,COMPLETE
51,0.8596107165874608,2026-07-06 07:32:04.188628,2026-07-06 07:32:11.745785,0 days 00:00:07.557157,0.6009097649153518,0.01908163622577057,5,4.83597041965276,700,1.1508483956975033,0.6300725455216805,COMPLETE
52,0.8520829536527209,2026-07-06 07:32:11.745827,2026-07-06 07:32:20.005100,0 days 00:00:08.259273,0.5784207325310577,0.018890622299924633,5,4.801259617497029,800,1.1267204044952588,0.6286009108917946,COMPLETE
53,0.8525471305897663,2026-07-06 07:32:20.005142,2026-07-06 07:32:27.249015,0 days 00:00:07.243873,0.600762304981908,0.02174825010359463,6,5.436956156185979,700,1.2350973743222295,0.6645906936513093,COMPLETE
54,0.8502134658336209,2026-07-06 07:32:27.249057,2026-07-06 07:32:35.111615,0 days 00:00:07.862558,0.6494061825660921,0.025772099437519607,5,4.042911205522749,700,0.9068536553767119,0.7129241541849396,COMPLETE
55,0.8555123278960487,2026-07-06 07:32:35.111659,2026-07-06 07:32:41.287619,0 days 00:00:06.175960,0.6705721484317275,0.09160929066044907,6,4.2613116972066996,700,1.4351463007856098,0.6314341485184876,COMPLETE
56,0.8512504671613199,2026-07-06 07:32:41.287660,2026-07-06 07:32:48.735129,0 days 00:00:07.447469,0.5752919312149316,0.020281850606941085,4,4.8216032505123545,700,1.0579530587318626,0.6840251673601111,COMPLETE
57,0.8508754022319914,2026-07-06 07:32:48.735176,2026-07-06 07:32:56.249615,0 days 00:00:07.514439,0.6075909680456107,0.015093292586945873,5,7.952228518376939,800,3.9682802141500773,0.6540665532310204,COMPLETE
58,0.846016830571094,2026-07-06 07:32:56.249658,2026-07-06 07:33:02.093604,0 days 00:00:05.843946,0.6225960769428006,0.03688168896004161,4,5.797018131433235,600,1.7998164103018255,0.601379407278803,COMPLETE
59,0.8515304498831631,2026-07-06 07:33:02.093656,2026-07-06 07:33:08.720949,0 days 00:00:06.627293,0.5435102331227187,0.03235237448885025,5,6.494259789117975,700,2.5492917556151427,0.6700257602460286,COMPLETE
